<?xml version="1.0" encoding="UTF-8"?>
<!-- Generated by org.testng.reporters.JUnitReportReporter -->
<testsuite hostname="asus" failures="0" tests="3" name="mothersTestPkg.MothersTestClass" time="43.779" errors="0" timestamp="2023-07-12T15:52:08 IST" skipped="0">
  <testcase classname="mothersTestPkg.MothersTestClass" name="handleFrame" time="11.095"/>
  <system-out/>
  <testcase classname="mothersTestPkg.MothersTestClass" name="createAccount" time="14.337"/>
  <system-out/>
  <testcase classname="mothersTestPkg.MothersTestClass" name="register" time="18.347"/>
  <system-out/>
</testsuite> <!-- mothersTestPkg.MothersTestClass -->
